/home/timko/Github_repos/crucible-nirvana-upload-ui/prefect_backend.py:27: UserWarning: Logger 'prefect_backend' attempted to send logs to the API without a flow run id. The API log handler can only send logs within flow run contexts unless the flow run id is manually provided. Set PREFECT_LOGGING_TO_API_WHEN_MISSING_FLOW=ignore to suppress this warning.
  logger.info(f'Connected to Crucible Client with API url: {client.api_url}')
19:35:39.954 | INFO    | prefect_backend - Connected to Crucible Client with API url: https://crucible.lbl.gov/api/v2
Traceback (most recent call last):
  File "/home/timko/Github_repos/crucible-nirvana-upload-ui/.venv/lib/python3.13/site-packages/httpx/_transports/default.py", line 101, in map_httpcore_exceptions
    yield
  File "/home/timko/Github_repos/crucible-nirvana-upload-ui/.venv/lib/python3.13/site-packages/httpx/_transports/default.py", line 394, in handle_async_request
    resp = await self._pool.handle_async_request(req)
           ^^^^^^^^^^^^^^^^^^^^^^^^^^^^^^^^^^^^^^^^^^
  File "/home/timko/Github_repos/crucible-nirvana-upload-ui/.venv/lib/python3.13/site-packages/httpcore/_async/connection_pool.py", line 256, in handle_async_request
    raise exc from None
  File "/home/timko/Github_repos/crucible-nirvana-upload-ui/.venv/lib/python3.13/site-packages/httpcore/_async/connection_pool.py", line 236, in handle_async_request
    response = await connection.handle_async_request(
               ^^^^^^^^^^^^^^^^^^^^^^^^^^^^^^^^^^^^^^
        pool_request.request
        ^^^^^^^^^^^^^^^^^^^^
    )
    ^
  File "/home/timko/Github_repos/crucible-nirvana-upload-ui/.venv/lib/python3.13/site-packages/httpcore/_async/connection.py", line 101, in handle_async_request
    raise exc
  File "/home/timko/Github_repos/crucible-nirvana-upload-ui/.venv/lib/python3.13/site-packages/httpcore/_async/connection.py", line 78, in handle_async_request
    stream = await self._connect(request)
             ^^^^^^^^^^^^^^^^^^^^^^^^^^^^
  File "/home/timko/Github_repos/crucible-nirvana-upload-ui/.venv/lib/python3.13/site-packages/httpcore/_async/connection.py", line 124, in _connect
    stream = await self._network_backend.connect_tcp(**kwargs)
             ^^^^^^^^^^^^^^^^^^^^^^^^^^^^^^^^^^^^^^^^^^^^^^^^^
  File "/home/timko/Github_repos/crucible-nirvana-upload-ui/.venv/lib/python3.13/site-packages/httpcore/_backends/auto.py", line 31, in connect_tcp
    return await self._backend.connect_tcp(
           ^^^^^^^^^^^^^^^^^^^^^^^^^^^^^^^^
    ...<5 lines>...
    )
    ^
  File "/home/timko/Github_repos/crucible-nirvana-upload-ui/.venv/lib/python3.13/site-packages/httpcore/_backends/anyio.py", line 113, in connect_tcp
    with map_exceptions(exc_map):
         ~~~~~~~~~~~~~~^^^^^^^^^
  File "/home/timko/.local/share/uv/python/cpython-3.13.13-linux-x86_64-gnu/lib/python3.13/contextlib.py", line 162, in __exit__
    self.gen.throw(value)
    ~~~~~~~~~~~~~~^^^^^^^
  File "/home/timko/Github_repos/crucible-nirvana-upload-ui/.venv/lib/python3.13/site-packages/httpcore/_exceptions.py", line 14, in map_exceptions
    raise to_exc(exc) from exc
httpcore.ConnectError: All connection attempts failed

The above exception was the direct cause of the following exception:

Traceback (most recent call last):
  File "/home/timko/Github_repos/crucible-nirvana-upload-ui/serve_flows.py", line 20, in <module>
    serve(multi_deploy, session_deploy, upload_deploy, ma_deploy, limit=10)
    ~~~~~^^^^^^^^^^^^^^^^^^^^^^^^^^^^^^^^^^^^^^^^^^^^^^^^^^^^^^^^^^^^^^^^^^
  File "/home/timko/Github_repos/crucible-nirvana-upload-ui/.venv/lib/python3.13/site-packages/prefect/flows.py", line 2924, in serve
    runner.add_deployment(deployment)
    ~~~~~~~~~~~~~~~~~~~~~^^^^^^^^^^^^
  File "/home/timko/Github_repos/crucible-nirvana-upload-ui/.venv/lib/python3.13/site-packages/prefect/_internal/compatibility/async_dispatch.py", line 94, in wrapper
    return fn(*args, **kwargs)
  File "/home/timko/Github_repos/crucible-nirvana-upload-ui/.venv/lib/python3.13/site-packages/prefect/runner/runner.py", line 357, in add_deployment
    ).result()
      ~~~~~~^^
  File "/home/timko/Github_repos/crucible-nirvana-upload-ui/.venv/lib/python3.13/site-packages/prefect/_internal/concurrency/calls.py", line 365, in result
    return self.future.result(timeout=timeout)
           ~~~~~~~~~~~~~~~~~~^^^^^^^^^^^^^^^^^
  File "/home/timko/Github_repos/crucible-nirvana-upload-ui/.venv/lib/python3.13/site-packages/prefect/_internal/concurrency/calls.py", line 192, in result
    return self.__get_result()
           ~~~~~~~~~~~~~~~~~^^
  File "/home/timko/.local/share/uv/python/cpython-3.13.13-linux-x86_64-gnu/lib/python3.13/concurrent/futures/_base.py", line 401, in __get_result
    raise self._exception
  File "/home/timko/Github_repos/crucible-nirvana-upload-ui/.venv/lib/python3.13/site-packages/prefect/_internal/concurrency/calls.py", line 441, in _run_async
    result = await coro
             ^^^^^^^^^^
  File "/home/timko/Github_repos/crucible-nirvana-upload-ui/.venv/lib/python3.13/site-packages/prefect/runner/runner.py", line 334, in aadd_deployment
    deployment_id = await deployment.aapply()
                    ^^^^^^^^^^^^^^^^^^^^^^^^^
  File "/home/timko/Github_repos/crucible-nirvana-upload-ui/.venv/lib/python3.13/site-packages/prefect/deployments/runner.py", line 715, in aapply
    deployment = await client.read_deployment_by_name(self.full_name)
                 ^^^^^^^^^^^^^^^^^^^^^^^^^^^^^^^^^^^^^^^^^^^^^^^^^^^^
  File "/home/timko/Github_repos/crucible-nirvana-upload-ui/.venv/lib/python3.13/site-packages/prefect/client/orchestration/_deployments/client.py", line 1071, in read_deployment_by_name
    response = await self.request(
               ^^^^^^^^^^^^^^^^^^^
    ...<6 lines>...
    )
    ^
  File "/home/timko/Github_repos/crucible-nirvana-upload-ui/.venv/lib/python3.13/site-packages/prefect/client/orchestration/base.py", line 53, in request
    return await self._client.send(request)
           ^^^^^^^^^^^^^^^^^^^^^^^^^^^^^^^^
  File "/home/timko/Github_repos/crucible-nirvana-upload-ui/.venv/lib/python3.13/site-packages/prefect/client/base.py", line 385, in send
    response = await self._send_with_retry(
               ^^^^^^^^^^^^^^^^^^^^^^^^^^^^
    ...<12 lines>...
    )
    ^
  File "/home/timko/Github_repos/crucible-nirvana-upload-ui/.venv/lib/python3.13/site-packages/prefect/client/base.py", line 272, in _send_with_retry
    response = await send(request, *send_args, **send_kwargs)
               ^^^^^^^^^^^^^^^^^^^^^^^^^^^^^^^^^^^^^^^^^^^^^^
  File "/home/timko/Github_repos/crucible-nirvana-upload-ui/.venv/lib/python3.13/site-packages/httpx/_client.py", line 1629, in send
    response = await self._send_handling_auth(
               ^^^^^^^^^^^^^^^^^^^^^^^^^^^^^^^
    ...<4 lines>...
    )
    ^
  File "/home/timko/Github_repos/crucible-nirvana-upload-ui/.venv/lib/python3.13/site-packages/httpx/_client.py", line 1657, in _send_handling_auth
    response = await self._send_handling_redirects(
               ^^^^^^^^^^^^^^^^^^^^^^^^^^^^^^^^^^^^
    ...<3 lines>...
    )
    ^
  File "/home/timko/Github_repos/crucible-nirvana-upload-ui/.venv/lib/python3.13/site-packages/httpx/_client.py", line 1694, in _send_handling_redirects
    response = await self._send_single_request(request)
               ^^^^^^^^^^^^^^^^^^^^^^^^^^^^^^^^^^^^^^^^
  File "/home/timko/Github_repos/crucible-nirvana-upload-ui/.venv/lib/python3.13/site-packages/httpx/_client.py", line 1730, in _send_single_request
    response = await transport.handle_async_request(request)
               ^^^^^^^^^^^^^^^^^^^^^^^^^^^^^^^^^^^^^^^^^^^^^
  File "/home/timko/Github_repos/crucible-nirvana-upload-ui/.venv/lib/python3.13/site-packages/httpx/_transports/default.py", line 393, in handle_async_request
    with map_httpcore_exceptions():
         ~~~~~~~~~~~~~~~~~~~~~~~^^
  File "/home/timko/.local/share/uv/python/cpython-3.13.13-linux-x86_64-gnu/lib/python3.13/contextlib.py", line 162, in __exit__
    self.gen.throw(value)
    ~~~~~~~~~~~~~~^^^^^^^
  File "/home/timko/Github_repos/crucible-nirvana-upload-ui/.venv/lib/python3.13/site-packages/httpx/_transports/default.py", line 118, in map_httpcore_exceptions
    raise mapped_exc(message) from exc
httpx.ConnectError: All connection attempts failed
